*** Builder log created: {2025-10-21 17:42:08}
*** Builder log completed: {2025-10-21 17:42:11}
This is pdfTeX, Version 3.141592653-2.6-1.40.27 (TeX Live 2025) (preloaded format=pdflatex)
 restricted \write18 enabled.
entering extended mode
(./inflation_expectations.tex
LaTeX2e <2024-11-01> patch level 2
L3 programming layer <2025-01-18>

This is BibTeX, Version 0.99d (TeX Live 2025)
The top-level auxiliary file: inflation_expectations.1.aux
The style file: chicago.bst
Database file #1: 0_Users_julienberman_Documents_inflation-expectations_source_paper_inflation_expectations.bib
This is BibTeX, Version 0.99d (TeX Live 2025)
The top-level auxiliary file: inflation_expectations.2.aux
The style file: chicago.bst
Database file #1: 0_Users_julienberman_Documents_inflation-expectations_source_paper_inflation_expectations.bib
This is pdfTeX, Version 3.141592653-2.6-1.40.27 (TeX Live 2025) (preloaded format=pdflatex)
 restricted \write18 enabled.
entering extended mode
(./inflation_expectations.tex
LaTeX2e <2024-11-01> patch level 2
L3 programming layer <2025-01-18>

This is BibTeX, Version 0.99d (TeX Live 2025)
The top-level auxiliary file: inflation_expectations.1.aux
The style file: chicago.bst
Database file #1: 0_Users_julienberman_Documents_inflation-expectations_source_paper_inflation_expectations.bib
This is BibTeX, Version 0.99d (TeX Live 2025)
The top-level auxiliary file: inflation_expectations.2.aux
The style file: chicago.bst
Database file #1: 0_Users_julienberman_Documents_inflation-expectations_source_paper_inflation_expectations.bib
This is pdfTeX, Version 3.141592653-2.6-1.40.27 (TeX Live 2025) (preloaded format=pdflatex)
 restricted \write18 enabled.
entering extended mode
(./inflation_expectations.tex
LaTeX2e <2024-11-01> patch level 2
L3 programming layer <2025-01-18>

